<?xml version="1.0" encoding="UTF-8"?>
<coverage generated="1525628777372" clover="3.2.0">
  <project timestamp="1525628777372" name="All files">
    <metrics statements="3" coveredstatements="1" conditionals="0" coveredconditionals="0" methods="2" coveredmethods="0" elements="5" coveredelements="1" complexity="0" loc="3" ncloc="3" packages="2" files="2" classes="2">
      <package name="app.src.container.App">
        <metrics statements="2" coveredstatements="0" conditionals="0" coveredconditionals="0" methods="2" coveredmethods="0"/>
        <file name="index.js" path="/Users/danangarbansanur/Projects/job/simple-react-boilerplate/app/src/container/App/index.js">
          <metrics statements="2" coveredstatements="0" conditionals="0" coveredconditionals="0" methods="2" coveredmethods="0"/>
          <line num="5" count="0" type="stmt"/>
          <line num="9" count="0" type="stmt"/>
        </file>
      </package>
      <package name="internal.test">
        <metrics statements="1" coveredstatements="1" conditionals="0" coveredconditionals="0" methods="0" coveredmethods="0"/>
        <file name="setup.js" path="/Users/danangarbansanur/Projects/job/simple-react-boilerplate/internal/test/setup.js">
          <metrics statements="1" coveredstatements="1" conditionals="0" coveredconditionals="0" methods="0" coveredmethods="0"/>
          <line num="4" count="1" type="stmt"/>
        </file>
      </package>
    </metrics>
  </project>
</coverage>
