{"/Users/danangarbansanur/Projects/job/simple-react-boilerplate/app/src/container/App/index.js": {"path":"/Users/danangarbansanur/Projects/job/simple-react-boilerplate/app/src/container/App/index.js","statementMap":{"0":{"start":{"line":5,"column":4},"end":{"line":5,"column":16}},"1":{"start":{"line":9,"column":4},"end":{"line":13,"column":5}}},"fnMap":{"0":{"name":"(anonymous_0)","decl":{"start":{"line":4,"column":2},"end":{"line":4,"column":3}},"loc":{"start":{"line":4,"column":21},"end":{"line":6,"column":3}},"line":4},"1":{"name":"(anonymous_1)","decl":{"start":{"line":8,"column":2},"end":{"line":8,"column":3}},"loc":{"start":{"line":8,"column":11},"end":{"line":14,"column":3}},"line":8}},"branchMap":{},"s":{"0":0,"1":0},"f":{"0":0,"1":0},"b":{},"_coverageSchema":"332fd63041d2c1bcb487cc26dd0d5f7d97098a6c","hash":"a6aca653d4389e873fa5595096925c7f10b0afab"}
,"/Users/danangarbansanur/Projects/job/simple-react-boilerplate/internal/test/setup.js": {"path":"/Users/danangarbansanur/Projects/job/simple-react-boilerplate/internal/test/setup.js","statementMap":{"0":{"start":{"line":4,"column":0},"end":{"line":4,"column":45}}},"fnMap":{},"branchMap":{},"s":{"0":1},"f":{},"b":{},"_coverageSchema":"332fd63041d2c1bcb487cc26dd0d5f7d97098a6c","hash":"ce82bbd3003c47b66e34ce6d12c95d3ef8d76507"}
}
